
> i-need-it@0.0.0 dev
> vite


  [32m[1mVITE[22m v6.0.7[39m  [2mready in [0m[1m229[22m[2m[0m ms[22m

  [32m➜[39m  [1mLocal[22m:   [36mhttp://localhost:[1m5173[22m/[39m
[2m  [32m➜[39m  [1mNetwork[22m[2m: use [22m[1m--host[22m[2m to expose[22m
[2m7:38:28 PM[22m [36m[1m[vite][22m[39m [90m[2m(client)[22m[39m [32mhmr update [39m[2m/src/App.jsx[22m

> i-need-it@0.0.0 dev
> vite


  [32m[1mVITE[22m v6.0.7[39m  [2mready in [0m[1m224[22m[2m[0m ms[22m

  [32m➜[39m  [1mLocal[22m:   [36mhttp://localhost:[1m5173[22m/[39m
[2m  [32m➜[39m  [1mNetwork[22m[2m: use [22m[1m--host[22m[2m to expose[22m

> i-need-it@0.0.0 dev
> vite

Re-optimizing dependencies because lockfile has changed

  [32m[1mVITE[22m v6.0.7[39m  [2mready in [0m[1m251[22m[2m[0m ms[22m

  [32m➜[39m  [1mLocal[22m:   [36mhttp://localhost:[1m5173[22m/[39m
[2m  [32m➜[39m  [1mNetwork[22m[2m: use [22m[1m--host[22m[2m to expose[22m

> i-need-it@0.0.0 dev
> vite


  [32m[1mVITE[22m v6.0.7[39m  [2mready in [0m[1m230[22m[2m[0m ms[22m

  [32m➜[39m  [1mLocal[22m:   [36mhttp://localhost:[1m5173[22m/[39m
[2m  [32m➜[39m  [1mNetwork[22m[2m: use [22m[1m--host[22m[2m to expose[22m

> i-need-it@0.0.0 dev
> vite


  [32m[1mVITE[22m v6.0.7[39m  [2mready in [0m[1m281[22m[2m[0m ms[22m

  [32m➜[39m  [1mLocal[22m:   [36mhttp://localhost:[1m3000[22m/[39m
[2m  [32m➜[39m  [1mNetwork[22m[2m: use [22m[1m--host[22m[2m to expose[22m

> i-need-it@0.0.0 dev
> vite


  [32m[1mVITE[22m v6.0.7[39m  [2mready in [0m[1m219[22m[2m[0m ms[22m

  [32m➜[39m  [1mLocal[22m:   [36mhttp://localhost:[1m3000[22m/[39m
[2m  [32m➜[39m  [1mNetwork[22m[2m: use [22m[1m--host[22m[2m to expose[22m
